Using pre-set license
Built from '2022.3/staging' branch; Version is '2022.3.16f1 (d2c21f0ef2f1) revision 13812255'; Using compiler version '192829333'; Build Type 'Release'
OS: 'Windows 11  (10.0.22631) 64bit Education' Language: 'en' Physical Memory: 16124 MB
BatchMode: 1, IsHumanControllingUs: 0, StartBugReporterOnCrash: 0, Is64bit: 1, IsPro: 1

COMMAND LINE ARGUMENTS:
C:\Program Files\Unity\Hub\Editor\2022.3.16f1\Editor\Unity.exe
-adb2
-batchMode
-noUpm
-name
AssetImportWorker2
-projectPath
C:/Users/gioeh/OneDrive/Desktop/Learning Cinematics/MySkibidiSigmaV1
-logFile
Logs/AssetImportWorker2.log
-srvPort
50283
Successfully changed project path to: C:/Users/gioeh/OneDrive/Desktop/Learning Cinematics/MySkibidiSigmaV1
C:/Users/gioeh/OneDrive/Desktop/Learning Cinematics/MySkibidiSigmaV1
[UnityMemory] Configuration Parameters - Can be set up in boot.config
    "memorysetup-bucket-allocator-granularity=16"
    "memorysetup-bucket-allocator-bucket-count=8"
    "memorysetup-bucket-allocator-block-size=33554432"
    "memorysetup-bucket-allocator-block-count=8"
    "memorysetup-main-allocator-block-size=16777216"
    "memorysetup-thread-allocator-block-size=16777216"
    "memorysetup-gfx-main-allocator-block-size=16777216"
    "memorysetup-gfx-thread-allocator-block-size=16777216"
    "memorysetup-cache-allocator-block-size=4194304"
    "memorysetup-typetree-allocator-block-size=2097152"
    "memorysetup-profiler-bucket-allocator-granularity=16"
    "memorysetup-profiler-bucket-allocator-bucket-count=8"
    "memorysetup-profiler-bucket-allocator-block-size=33554432"
    "memorysetup-profiler-bucket-allocator-block-count=8"
    "memorysetup-profiler-allocator-block-size=16777216"
    "memorysetup-profiler-editor-allocator-block-size=1048576"
    "memorysetup-temp-allocator-size-main=16777216"
    "memorysetup-job-temp-allocator-block-size=2097152"
    "memorysetup-job-temp-allocator-block-size-background=1048576"
    "memorysetup-job-temp-allocator-reduction-small-platforms=262144"
    "memorysetup-allocator-temp-initial-block-size-main=262144"
    "memorysetup-allocator-temp-initial-block-size-worker=262144"
    "memorysetup-temp-allocator-size-background-worker=32768"
    "memorysetup-temp-allocator-size-job-worker=262144"
    "memorysetup-temp-allocator-size-preload-manager=33554432"
    "memorysetup-temp-allocator-size-nav-mesh-worker=65536"
    "memorysetup-temp-allocator-size-audio-worker=65536"
    "memorysetup-temp-allocator-size-cloud-worker=32768"
    "memorysetup-temp-allocator-size-gi-baking-worker=262144"
    "memorysetup-temp-allocator-size-gfx=262144"
Player connection [116996] Host "[IP] 192.168.124.1 [Port] 0 [Flags] 2 [Guid] 2172109394 [EditorId] 2172109394 [Version] 1048832 [Id] WindowsEditor(7,Gios_Laptop) [Debug] 1 [PackageName] WindowsEditor [ProjectName] Editor" joined multi-casting on [225.0.0.222:54997]...

Player connection [116996] Host "[IP] 192.168.124.1 [Port] 0 [Flags] 2 [Guid] 2172109394 [EditorId] 2172109394 [Version] 1048832 [Id] WindowsEditor(7,Gios_Laptop) [Debug] 1 [PackageName] WindowsEditor [ProjectName] Editor" joined alternative multi-casting on [225.0.0.222:34997]...

[Physics::Module] Initialized MultithreadedJobDispatcher with 15 workers.
Refreshing native plugins compatible for Editor in 31.03 ms, found 4 plugins.
Preloading 0 native plugins for Editor in 0.00 ms.
Initialize engine version: 2022.3.16f1 (d2c21f0ef2f1)
[Subsystems] Discovering subsystems at path C:/Program Files/Unity/Hub/Editor/2022.3.16f1/Editor/Data/Resources/UnitySubsystems
[Subsystems] Discovering subsystems at path C:/Users/gioeh/OneDrive/Desktop/Learning Cinematics/MySkibidiSigmaV1/Assets
GfxDevice: creating device client; threaded=0; jobified=0
Direct3D:
    Version:  Direct3D 11.0 [level 11.1]
    Renderer: Intel(R) Iris(R) Xe Graphics (ID=0xa7a0)
    Vendor:   Intel
    VRAM:     8062 MB
    Driver:   31.0.101.5187
Initialize mono
Mono path[0] = 'C:/Program Files/Unity/Hub/Editor/2022.3.16f1/Editor/Data/Managed'
Mono path[1] = 'C:/Program Files/Unity/Hub/Editor/2022.3.16f1/Editor/Data/MonoBleedingEdge/lib/mono/unityjit-win32'
Mono config path = 'C:/Program Files/Unity/Hub/Editor/2022.3.16f1/Editor/Data/MonoBleedingEdge/etc'
Using monoOptions --debugger-agent=transport=dt_socket,embedding=1,server=y,suspend=n,address=127.0.0.1:56436
Begin MonoManager ReloadAssembly
Registering precompiled unity dll's ...
Register platform support module: C:/Program Files/Unity/Hub/Editor/2022.3.16f1/Editor/Data/PlaybackEngines/WebGLSupport/UnityEditor.WebGL.Extensions.dll
Register platform support module: C:/Program Files/Unity/Hub/Editor/2022.3.16f1/Editor/Data/PlaybackEngines/AndroidPlayer/UnityEditor.Android.Extensions.dll
Register platform support module: C:/Program Files/Unity/Hub/Editor/2022.3.16f1/Editor/Data/PlaybackEngines/WindowsStandaloneSupport/UnityEditor.WindowsStandalone.Extensions.dll
Registered in 0.014188 seconds.
- Loaded All Assemblies, in  0.517 seconds
Native extension for WindowsStandalone target not found
Native extension for Android target not found
Android Extension - Scanning For ADB Devices 465 ms
Native extension for WebGL target not found
Mono: successfully reloaded assembly
- Finished resetting the current domain, in  0.768 seconds
Domain Reload Profiling: 1282ms
	BeginReloadAssembly (216ms)
		ExecutionOrderSort (0ms)
		DisableScriptedObjects (0ms)
		BackupInstance (0ms)
		ReleaseScriptingObjects (0ms)
		CreateAndSetChildDomain (1ms)
	RebuildCommonClasses (28ms)
	RebuildNativeTypeToScriptingClass (8ms)
	initialDomainReloadingComplete (69ms)
	LoadAllAssembliesAndSetupDomain (193ms)
		LoadAssemblies (218ms)
		RebuildTransferFunctionScriptingTraits (0ms)
		AnalyzeDomain (187ms)
			TypeCache.Refresh (186ms)
				TypeCache.ScanAssembly (167ms)
			ScanForSourceGeneratedMonoScriptInfo (0ms)
			ResolveRequiredComponents (0ms)
	FinalizeReload (768ms)
		ReleaseScriptCaches (0ms)
		RebuildScriptCaches (0ms)
		SetupLoadedEditorAssemblies (724ms)
			LogAssemblyErrors (0ms)
			InitializePlatformSupportModulesInManaged (571ms)
			SetLoadedEditorAssemblies (3ms)
			RefreshPlugins (0ms)
			BeforeProcessingInitializeOnLoad (2ms)
			ProcessInitializeOnLoadAttributes (113ms)
			ProcessInitializeOnLoadMethodAttributes (36ms)
			AfterProcessingInitializeOnLoad (0ms)
			EditorAssembliesLoaded (0ms)
		ExecutionOrderSort2 (0ms)
		AwakeInstancesAfterBackupRestoration (0ms)
========================================================================
Worker process is ready to serve import requests
Begin MonoManager ReloadAssembly
- Loaded All Assemblies, in  0.929 seconds
Refreshing native plugins compatible for Editor in 5.14 ms, found 4 plugins.
Native extension for WindowsStandalone target not found
Native extension for Android target not found
Native extension for WebGL target not found
Package Manager log level set to [2]
[Package Manager] Server::EnsureServerProcessIsRunning -- launch failed, reason: Unity was launched with the -noUpm command-line argument
[Package Manager] UpmClient::Send -- Unable to send message (not connected to UPM process).
[Package Manager] Cannot connect to Unity Package Manager local server
Mono: successfully reloaded assembly
- Finished resetting the current domain, in  0.673 seconds
Domain Reload Profiling: 1600ms
	BeginReloadAssembly (117ms)
		ExecutionOrderSort (0ms)
		DisableScriptedObjects (4ms)
		BackupInstance (0ms)
		ReleaseScriptingObjects (0ms)
		CreateAndSetChildDomain (16ms)
	RebuildCommonClasses (22ms)
	RebuildNativeTypeToScriptingClass (8ms)
	initialDomainReloadingComplete (31ms)
	LoadAllAssembliesAndSetupDomain (748ms)
		LoadAssemblies (669ms)
		RebuildTransferFunctionScriptingTraits (0ms)
		AnalyzeDomain (151ms)
			TypeCache.Refresh (125ms)
				TypeCache.ScanAssembly (108ms)
			ScanForSourceGeneratedMonoScriptInfo (21ms)
			ResolveRequiredComponents (4ms)
	FinalizeReload (675ms)
		ReleaseScriptCaches (0ms)
		RebuildScriptCaches (0ms)
		SetupLoadedEditorAssemblies (509ms)
			LogAssemblyErrors (0ms)
			InitializePlatformSupportModulesInManaged (31ms)
			SetLoadedEditorAssemblies (4ms)
			RefreshPlugins (0ms)
			BeforeProcessingInitializeOnLoad (70ms)
			ProcessInitializeOnLoadAttributes (368ms)
			ProcessInitializeOnLoadMethodAttributes (29ms)
			AfterProcessingInitializeOnLoad (6ms)
			EditorAssembliesLoaded (0ms)
		ExecutionOrderSort2 (0ms)
		AwakeInstancesAfterBackupRestoration (9ms)
Launched and connected shader compiler UnityShaderCompiler.exe after 0.06 seconds
Refreshing native plugins compatible for Editor in 11.85 ms, found 4 plugins.
Preloading 0 native plugins for Editor in 0.00 ms.
Unloading 4200 Unused Serialized files (Serialized files now loaded: 0)
Unloading 71 unused Assets / (244.7 KB). Loaded Objects now: 4660.
Memory consumption went from 157.8 MB to 157.6 MB.
Total: 5.336800 ms (FindLiveObjects: 0.450700 ms CreateObjectMapping: 0.165400 ms MarkObjects: 4.419500 ms  DeleteObjects: 0.299700 ms)

AssetImportParameters requested are different than current active one (requested -> active):
  custom:container-demuxer-ogg: 62fdf1f143b41e24485cea50d1cbac27 -> 
  custom:video-codec-MediaFoundation-h265: 746d11721c4dcdbdad8f713fa42b33f4 -> 
  custom:video-decoder-ogg-theora: a1e56fd34408186e4bbccfd4996cb3dc -> 
  custom:framework-win-MediaFoundation: 216162199b28c13a410421893ffa2e32 -> 
  custom:CustomObjectIndexerAttribute: 43b350a4d6e6d1791af0b5038c4bea17 -> 
  custom:container-demuxer-webm: 4f35f7cbe854078d1ac9338744f61a02 -> 
  custom:container-muxer-webm: aa71ff27fc2769a1b78a27578f13a17b -> 
  custom:video-decoder-webm-vp8: 9c59270c3fd7afecdb556c50c9e8de78 -> 
  custom:SearchIndexIgnoredProperties: e643bd26f0fe6173181afceb89e7c659 -> 
  custom:AudioImporter_EditorPlatform: d09bf68614088b80899f8185d706f6e7 -> 
  custom:video-encoder-webm-vp8: eb34c28f22e8b96e1ab97ce403110664 -> 
  custom:audio-decoder-ogg-vorbis: bf7c407c2cedff20999df2af8eb42d56 -> 
  custom:audio-encoder-webm-vorbis: bf7c407c2cedff20999df2af8eb42d56 -> 
========================================================================
Received Import Request.
  Time since last request: 1260457.549310 seconds.
  path: Assets/UI_Buttons_Pack2/Button_14_Pack2.wav
  artifactKey: Guid(9d255dbf95218104a87ea1459a9c60aa) Importer(815301076,1909f56bfc062723c751e8b465ee728b)
Start importing Assets/UI_Buttons_Pack2/Button_14_Pack2.wav using Guid(9d255dbf95218104a87ea1459a9c60aa) Importer(815301076,1909f56bfc062723c751e8b465ee728b)  -> (artifact id: '27e7095db819761e8dd9f19215e5900a') in 0.080665 seconds
Number of updated asset objects reloaded before import = 0
Number of asset objects unloaded after import = 2
========================================================================
Received Import Request.
  Time since last request: 0.000018 seconds.
  path: Assets/UI_Buttons_Pack2/Button_16_Pack2.wav
  artifactKey: Guid(21f0e19cc37c22e499d86284b29a7295) Importer(815301076,1909f56bfc062723c751e8b465ee728b)
Start importing Assets/UI_Buttons_Pack2/Button_16_Pack2.wav using Guid(21f0e19cc37c22e499d86284b29a7295) Importer(815301076,1909f56bfc062723c751e8b465ee728b)  -> (artifact id: 'a431a91c39ccdbae6e5603ffa8d7984c') in 0.017432 seconds
Number of updated asset objects reloaded before import = 0
Number of asset objects unloaded after import = 2
========================================================================
Received Import Request.
  Time since last request: 14.400586 seconds.
  path: Assets/UI_Buttons_Pack2/Button_18_Pack2.wav
  artifactKey: Guid(45dd760e7266b434688409fe32085836) Importer(815301076,1909f56bfc062723c751e8b465ee728b)
Start importing Assets/UI_Buttons_Pack2/Button_18_Pack2.wav using Guid(45dd760e7266b434688409fe32085836) Importer(815301076,1909f56bfc062723c751e8b465ee728b)  -> (artifact id: '6db6623bb1bb67f3ea9ac9de0e6c2d3e') in 0.019513 seconds
Number of updated asset objects reloaded before import = 0
Number of asset objects unloaded after import = 2
========================================================================
Received Import Request.
  Time since last request: 0.000019 seconds.
  path: Assets/UI_Buttons_Pack2/Button_20_Pack2.wav
  artifactKey: Guid(60094fbc1aa84c343b9512f9e3d09f14) Importer(815301076,1909f56bfc062723c751e8b465ee728b)
Start importing Assets/UI_Buttons_Pack2/Button_20_Pack2.wav using Guid(60094fbc1aa84c343b9512f9e3d09f14) Importer(815301076,1909f56bfc062723c751e8b465ee728b)  -> (artifact id: '4404d0387a109aedd614b6841607fa41') in 0.016772 seconds
Number of updated asset objects reloaded before import = 0
Number of asset objects unloaded after import = 2
========================================================================
Received Import Request.
  Time since last request: 0.077583 seconds.
  path: Assets/UI_Buttons_Pack2/Button_22_Pack2.wav
  artifactKey: Guid(7d60d956e2f9b0f48887d05c8ddacb3d) Importer(815301076,1909f56bfc062723c751e8b465ee728b)
Start importing Assets/UI_Buttons_Pack2/Button_22_Pack2.wav using Guid(7d60d956e2f9b0f48887d05c8ddacb3d) Importer(815301076,1909f56bfc062723c751e8b465ee728b)  -> (artifact id: 'd44ed847f3393561077c15626fc635f3') in 0.024876 seconds
Number of updated asset objects reloaded before import = 0
Number of asset objects unloaded after import = 2
========================================================================
Received Import Request.
  Time since last request: 0.000085 seconds.
  path: Assets/UI_Buttons_Pack2/Button_24_Pack2.wav
  artifactKey: Guid(7809585dc722e9648a09cd64171932db) Importer(815301076,1909f56bfc062723c751e8b465ee728b)
Start importing Assets/UI_Buttons_Pack2/Button_24_Pack2.wav using Guid(7809585dc722e9648a09cd64171932db) Importer(815301076,1909f56bfc062723c751e8b465ee728b)  -> (artifact id: '11e7834ff115d6e0bf62b3d946d59b22') in 0.019089 seconds
Number of updated asset objects reloaded before import = 0
Number of asset objects unloaded after import = 2
========================================================================
Received Import Request.
  Time since last request: 216.243746 seconds.
  path: Assets/UI_Buttons_Pack2/Button_26_Pack2.wav
  artifactKey: Guid(a00a27dacfcc94b4abbe9ec734a8abea) Importer(815301076,1909f56bfc062723c751e8b465ee728b)
Start importing Assets/UI_Buttons_Pack2/Button_26_Pack2.wav using Guid(a00a27dacfcc94b4abbe9ec734a8abea) Importer(815301076,1909f56bfc062723c751e8b465ee728b)  -> (artifact id: '07b9c8cafb5b12bd0bbb3d01dc82d7b6') in 0.043697 seconds
Number of updated asset objects reloaded before import = 0
Number of asset objects unloaded after import = 2
========================================================================
Received Import Request.
  Time since last request: 0.007972 seconds.
  path: Assets/UI_Buttons_Pack2/Button_30_Pack2.wav
  artifactKey: Guid(6362dc82c01266f4099527e462c7538b) Importer(815301076,1909f56bfc062723c751e8b465ee728b)
Start importing Assets/UI_Buttons_Pack2/Button_30_Pack2.wav using Guid(6362dc82c01266f4099527e462c7538b) Importer(815301076,1909f56bfc062723c751e8b465ee728b)  -> (artifact id: 'e1e93af3a1c54aa96ec00479a1be874f') in 0.035668 seconds
Number of updated asset objects reloaded before import = 0
Number of asset objects unloaded after import = 2
Editor requested this worker to shutdown with reason: Scaling down because of idle timeout
TcpMessagingSession - receive error: operation aborted. errorcode: 995, details: The I/O operation has been aborted because of either a thread exit or an application request.
AssetImportWorker is now disconnected from the server
Process exiting
Exiting without the bug reporter. Application will terminate with return code 0